s:\контрольные\универ\1-kurs\зимняя\алгоритмизация\source\mywork\debug\vc140.pdb
s:\контрольные\универ\1-kurs\зимняя\алгоритмизация\source\mywork\debug\.netframework,version=v4.5.2.assemblyattributes.obj
s:\контрольные\универ\1-kurs\зимняя\алгоритмизация\source\mywork\debug\.netframework,version=v4.5.2.assemblyattributes.asm
s:\контрольные\универ\1-kurs\зимняя\алгоритмизация\source\mywork\debug\mywork.exe
s:\контрольные\универ\1-kurs\зимняя\алгоритмизация\source\mywork\debug\mywork.pdb
s:\контрольные\универ\1-kurs\зимняя\алгоритмизация\source\mywork\debug\mywork.myform.resources
s:\контрольные\универ\1-kurs\зимняя\алгоритмизация\source\mywork\debug\mywork.vcxproj.generateresource.cache
s:\контрольные\универ\1-kurs\зимняя\алгоритмизация\source\mywork\debug\mywork.vcxprojresolveassemblyreference.cache
s:\контрольные\универ\1-kurs\зимняя\алгоритмизация\source\mywork\debug\mywork.exe.metagen
s:\контрольные\универ\1-kurs\зимняя\алгоритмизация\source\mywork\debug\mywork.tlog\cl.command.1.tlog
s:\контрольные\универ\1-kurs\зимняя\алгоритмизация\source\mywork\debug\mywork.tlog\cl.read.1.tlog
s:\контрольные\универ\1-kurs\зимняя\алгоритмизация\source\mywork\debug\mywork.tlog\cl.write.1.tlog
s:\контрольные\универ\1-kurs\зимняя\алгоритмизация\source\mywork\debug\mywork.tlog\link.command.1.tlog
s:\контрольные\универ\1-kurs\зимняя\алгоритмизация\source\mywork\debug\mywork.tlog\link.read.1.tlog
s:\контрольные\универ\1-kurs\зимняя\алгоритмизация\source\mywork\debug\mywork.tlog\link.write.1.tlog
s:\контрольные\универ\1-kurs\зимняя\алгоритмизация\source\mywork\debug\mywork.tlog\metagen.read.1.tlog
s:\контрольные\универ\1-kurs\зимняя\алгоритмизация\source\mywork\debug\mywork.tlog\metagen.write.1.tlog
s:\контрольные\универ\1-kurs\зимняя\алгоритмизация\source\mywork\debug\mywork.tlog\mywork.write.1u.tlog
s:\контрольные\универ\1-kurs\зимняя\алгоритмизация\source\mywork\debug\mywork.tlog\avsspc.dll.bi
s:\контрольные\универ\1-kurs\зимняя\алгоритмизация\source\mywork\debug\mywork.tlog\tzres.dll.bi
