
Connected to: Oracle Database 11g Express Edition Release 11.2.0.2.0 - Production

Export file created by EXPORT:V11.02.00 via conventional path
import done in CL8MSWIN1251 character set and AL16UTF16 NCHAR character set
import server uses AL32UTF8 character set (possible charset conversion)
. . importing table                       "CLIENT"
                                                            5 rows imported
. . importing table                         "DOLG"
                                                            6 rows imported
. . importing table                        "EDIZM"
                                                            5 rows imported
. . importing table                       "FIRMA9"
                                                            1 rows imported
. . importing table                        "IZGOT"
                                                            5 rows imported
. . importing table                       "NAKLAD"
                                                            3 rows imported
. . importing table                       "POSTAV"
                                                            6 rows imported
. . importing table                        "SCHET"
                                                           12 rows imported
. . importing table                        "SKLAD"
                                                            3 rows imported
. . importing table                       "SOTRUD"
                                                            5 rows imported
. . importing table              "TOAD_PLAN_TABLE"
                                                            0 rows imported
. . importing table                        "TOVAR"
                                                            6 rows imported
. . importing table                    "TRANSPORT"
                                                            2 rows imported
. . importing table                        "ZAKAZ"
                                                            5 rows imported
About to enable constraints...
Import terminated successfully without warnings.
